<?xml version="1.0" encoding="UTF-8"?>
<robot generator="Robot 3.2.2 (Python 3.9.0 on win32)" generated="20201104 16:05:57.711" rpa="false">
<suite id="s1" name="1MGAutomation" source="D:\SeleniumPojects\MiniProject\1MGAutomation">
<suite id="s1-s1" name="Gherkins" source="D:\SeleniumPojects\MiniProject\1MGAutomation\gherkins">
<suite id="s1-s1-s1" name="Gherkins" source="D:\SeleniumPojects\MiniProject\1MGAutomation\gherkins\gherkins.robot">
<test id="s1-s1-s1-t1" name="Validation using gherkins">
<kw name="Given I have to open the application and go to main page">
<kw name="Run Application" library="1MGResources">
<kw name="Open Application" library="AppiumLibrary">
<doc>Opens a new application to given Appium server.
Capabilities of appium server, Android and iOS,
Please check https://github.com/appium/appium/blob/master/docs/en/writing-running-appium/server-args.md
| *Option*            | *Man.* | *Description*     |
| remote_url          | Yes    | Appium server url |
| alias               | no     | alias             |</doc>
<arguments>
<arg>remote_url=http://localhost:4723/wd/hub</arg>
<arg>platformName=android</arg>
<arg>deviceName=emulator</arg>
<arg>app=${EXECDIR}${/}app${/}1MGhealthcare.apk</arg>
</arguments>
<status status="PASS" starttime="20201104 16:05:57.942" endtime="20201104 16:06:08.744"></status>
</kw>
<status status="PASS" starttime="20201104 16:05:57.942" endtime="20201104 16:06:08.744"></status>
</kw>
<kw name="Get Matching Xpath Count" library="AppiumLibrary">
<doc>Returns number of elements matching ``xpath``</doc>
<arguments>
<arg>//*[@resource-id='com.aranoah.healthkart.plus:id/close']</arg>
</arguments>
<assign>
<var>${count}</var>
</assign>
<msg timestamp="20201104 16:06:09.292" level="INFO">${count} = 0</msg>
<status status="PASS" starttime="20201104 16:06:08.744" endtime="20201104 16:06:09.292"></status>
</kw>
<kw name="Run Keyword If" library="BuiltIn">
<doc>Runs the given keyword with the given arguments, if ``condition`` is true.</doc>
<arguments>
<arg>${count} != 0</arg>
<arg>Click Element</arg>
<arg>//*[@resource-id='com.aranoah.healthkart.plus:id/close']</arg>
</arguments>
<status status="PASS" starttime="20201104 16:06:09.292" endtime="20201104 16:06:09.293"></status>
</kw>
<kw name="Wait Until Element Is Visible" library="AppiumLibrary">
<doc>Waits until element specified with `locator` is visible.</doc>
<arguments>
<arg>//*[@text='SIGN UP']</arg>
<arg>timeout=10s</arg>
</arguments>
<status status="PASS" starttime="20201104 16:06:09.293" endtime="20201104 16:06:14.331"></status>
</kw>
<kw name="Click Element" library="AppiumLibrary">
<doc>Click element identified by `locator`.</doc>
<arguments>
<arg>//*[@text='SIGN UP']</arg>
</arguments>
<msg timestamp="20201104 16:06:14.332" level="INFO">Clicking element '//*[@text='SIGN UP']'.</msg>
<status status="PASS" starttime="20201104 16:06:14.331" endtime="20201104 16:06:14.438"></status>
</kw>
<kw name="Wait Until Element Is Visible" library="AppiumLibrary">
<doc>Waits until element specified with `locator` is visible.</doc>
<arguments>
<arg>//*[@text='Later']</arg>
</arguments>
<status status="PASS" starttime="20201104 16:06:14.438" endtime="20201104 16:06:15.444"></status>
</kw>
<kw name="Click Element" library="AppiumLibrary">
<doc>Click element identified by `locator`.</doc>
<arguments>
<arg>//*[@text='Later']</arg>
</arguments>
<msg timestamp="20201104 16:06:15.445" level="INFO">Clicking element '//*[@text='Later']'.</msg>
<status status="PASS" starttime="20201104 16:06:15.444" endtime="20201104 16:06:15.546"></status>
</kw>
<kw name="Wait Until Element Is Visible" library="AppiumLibrary">
<doc>Waits until element specified with `locator` is visible.</doc>
<arguments>
<arg>//*[@text='While using the app']</arg>
</arguments>
<status status="PASS" starttime="20201104 16:06:15.547" endtime="20201104 16:06:16.377"></status>
</kw>
<kw name="Click Element" library="AppiumLibrary">
<doc>Click element identified by `locator`.</doc>
<arguments>
<arg>//*[@text='While using the app']</arg>
</arguments>
<msg timestamp="20201104 16:06:16.379" level="INFO">Clicking element '//*[@text='While using the app']'.</msg>
<status status="PASS" starttime="20201104 16:06:16.378" endtime="20201104 16:06:16.465"></status>
</kw>
<kw name="Wait Until Element Is Visible" library="AppiumLibrary">
<doc>Waits until element specified with `locator` is visible.</doc>
<arguments>
<arg>//*[@resource-id='com.aranoah.healthkart.plus:id/close']</arg>
<arg>timeout=10s</arg>
</arguments>
<status status="PASS" starttime="20201104 16:06:16.466" endtime="20201104 16:06:21.798"></status>
</kw>
<kw name="Get Matching Xpath Count" library="AppiumLibrary">
<doc>Returns number of elements matching ``xpath``</doc>
<arguments>
<arg>//*[@resource-id='com.aranoah.healthkart.plus:id/close']</arg>
</arguments>
<assign>
<var>${count}</var>
</assign>
<msg timestamp="20201104 16:06:21.825" level="INFO">${count} = 1</msg>
<status status="PASS" starttime="20201104 16:06:21.798" endtime="20201104 16:06:21.825"></status>
</kw>
<kw name="Run Keyword If" library="BuiltIn">
<doc>Runs the given keyword with the given arguments, if ``condition`` is true.</doc>
<arguments>
<arg>${count} != 0</arg>
<arg>Click Element</arg>
<arg>//*[@resource-id='com.aranoah.healthkart.plus:id/close']</arg>
</arguments>
<kw name="Click Element" library="AppiumLibrary">
<doc>Click element identified by `locator`.</doc>
<arguments>
<arg>//*[@resource-id='com.aranoah.healthkart.plus:id/close']</arg>
</arguments>
<msg timestamp="20201104 16:06:21.826" level="INFO">Clicking element '//*[@resource-id='com.aranoah.healthkart.plus:id/close']'.</msg>
<status status="PASS" starttime="20201104 16:06:21.826" endtime="20201104 16:06:21.903"></status>
</kw>
<status status="PASS" starttime="20201104 16:06:21.825" endtime="20201104 16:06:21.903"></status>
</kw>
<status status="PASS" starttime="20201104 16:05:57.942" endtime="20201104 16:06:21.903"></status>
</kw>
<kw name="When I go to corona Prevention">
<kw name="Click Element" library="AppiumLibrary">
<doc>Click element identified by `locator`.</doc>
<arguments>
<arg>//*[@resource-id='com.aranoah.healthkart.plus:id/service_view']</arg>
</arguments>
<msg timestamp="20201104 16:06:21.905" level="INFO">Clicking element '//*[@resource-id='com.aranoah.healthkart.plus:id/service_view']'.</msg>
<status status="PASS" starttime="20201104 16:06:21.904" endtime="20201104 16:06:22.787"></status>
</kw>
<kw name="Wait Until Element Is Visible" library="AppiumLibrary">
<doc>Waits until element specified with `locator` is visible.</doc>
<arguments>
<arg>//*[@text='Coronavirus Prevention']</arg>
</arguments>
<status status="PASS" starttime="20201104 16:06:22.787" endtime="20201104 16:06:25.378"></status>
</kw>
<kw name="Click Element" library="AppiumLibrary">
<doc>Click element identified by `locator`.</doc>
<arguments>
<arg>//*[@text='Coronavirus Prevention']</arg>
</arguments>
<msg timestamp="20201104 16:06:25.379" level="INFO">Clicking element '//*[@text='Coronavirus Prevention']'.</msg>
<status status="PASS" starttime="20201104 16:06:25.378" endtime="20201104 16:06:25.544"></status>
</kw>
<status status="PASS" starttime="20201104 16:06:21.904" endtime="20201104 16:06:25.544"></status>
</kw>
<kw name="And I sort Price low to high">
<kw name="Wait Until Element Is Visible" library="AppiumLibrary">
<doc>Waits until element specified with `locator` is visible.</doc>
<arguments>
<arg>//*[@text='Sort']</arg>
</arguments>
<status status="PASS" starttime="20201104 16:06:25.545" endtime="20201104 16:06:27.822"></status>
</kw>
<kw name="Click Element" library="AppiumLibrary">
<doc>Click element identified by `locator`.</doc>
<arguments>
<arg>//*[@text='Sort']</arg>
</arguments>
<msg timestamp="20201104 16:06:27.824" level="INFO">Clicking element '//*[@text='Sort']'.</msg>
<status status="PASS" starttime="20201104 16:06:27.823" endtime="20201104 16:06:27.951"></status>
</kw>
<kw name="Wait Until Element Is Visible" library="AppiumLibrary">
<doc>Waits until element specified with `locator` is visible.</doc>
<arguments>
<arg>//*[@text='Price: Low to High']</arg>
</arguments>
<status status="PASS" starttime="20201104 16:06:27.951" endtime="20201104 16:06:28.906"></status>
</kw>
<kw name="Click Element" library="AppiumLibrary">
<doc>Click element identified by `locator`.</doc>
<arguments>
<arg>//*[@text='Price: Low to High']</arg>
</arguments>
<msg timestamp="20201104 16:06:28.907" level="INFO">Clicking element '//*[@text='Price: Low to High']'.</msg>
<status status="PASS" starttime="20201104 16:06:28.906" endtime="20201104 16:06:29.966"></status>
</kw>
<status status="PASS" starttime="20201104 16:06:25.544" endtime="20201104 16:06:29.966"></status>
</kw>
<kw name="And I add savlon">
<kw name="Wait Until Element Is Visible" library="AppiumLibrary">
<doc>Waits until element specified with `locator` is visible.</doc>
<arguments>
<arg>//*[@text='Savlon Antiseptic Liquid']</arg>
</arguments>
<status status="PASS" starttime="20201104 16:06:29.967" endtime="20201104 16:06:31.628"></status>
</kw>
<kw name="Click Element" library="AppiumLibrary">
<doc>Click element identified by `locator`.</doc>
<arguments>
<arg>//*[@text='Savlon Antiseptic Liquid']</arg>
</arguments>
<msg timestamp="20201104 16:06:31.629" level="INFO">Clicking element '//*[@text='Savlon Antiseptic Liquid']'.</msg>
<status status="PASS" starttime="20201104 16:06:31.628" endtime="20201104 16:06:32.023"></status>
</kw>
<status status="PASS" starttime="20201104 16:06:29.967" endtime="20201104 16:06:32.024"></status>
</kw>
<kw name="And I Select 2 Bottles">
<kw name="Wait Until Element Is Visible" library="AppiumLibrary">
<doc>Waits until element specified with `locator` is visible.</doc>
<arguments>
<arg>//*[@text='1 Bottle']</arg>
</arguments>
<status status="PASS" starttime="20201104 16:06:32.024" endtime="20201104 16:06:35.129"></status>
</kw>
<kw name="Click Element" library="AppiumLibrary">
<doc>Click element identified by `locator`.</doc>
<arguments>
<arg>//*[@text='1 Bottle']</arg>
</arguments>
<msg timestamp="20201104 16:06:35.131" level="INFO">Clicking element '//*[@text='1 Bottle']'.</msg>
<status status="PASS" starttime="20201104 16:06:35.129" endtime="20201104 16:06:35.268"></status>
</kw>
<kw name="Wait Until Element Is Visible" library="AppiumLibrary">
<doc>Waits until element specified with `locator` is visible.</doc>
<arguments>
<arg>//*[@text='2']</arg>
</arguments>
<status status="PASS" starttime="20201104 16:06:35.268" endtime="20201104 16:06:36.169"></status>
</kw>
<kw name="Click Element" library="AppiumLibrary">
<doc>Click element identified by `locator`.</doc>
<arguments>
<arg>//*[@text='2']</arg>
</arguments>
<msg timestamp="20201104 16:06:36.170" level="INFO">Clicking element '//*[@text='2']'.</msg>
<status status="PASS" starttime="20201104 16:06:36.170" endtime="20201104 16:06:36.828"></status>
</kw>
<status status="PASS" starttime="20201104 16:06:32.024" endtime="20201104 16:06:36.829"></status>
</kw>
<kw name="And I Add it to Cart">
<kw name="Wait Until Element Is Visible" library="AppiumLibrary">
<doc>Waits until element specified with `locator` is visible.</doc>
<arguments>
<arg>//*[@text='Add To Cart']</arg>
</arguments>
<status status="PASS" starttime="20201104 16:06:36.830" endtime="20201104 16:06:36.919"></status>
</kw>
<kw name="Click Element" library="AppiumLibrary">
<doc>Click element identified by `locator`.</doc>
<arguments>
<arg>//*[@text='Add To Cart']</arg>
</arguments>
<msg timestamp="20201104 16:06:36.920" level="INFO">Clicking element '//*[@text='Add To Cart']'.</msg>
<status status="PASS" starttime="20201104 16:06:36.919" endtime="20201104 16:06:37.023"></status>
</kw>
<status status="PASS" starttime="20201104 16:06:36.830" endtime="20201104 16:06:37.024"></status>
</kw>
<kw name="And I go to Cart">
<kw name="Wait Until Page Contains Element" library="AppiumLibrary">
<doc>Waits until element specified with `locator` appears on current page.</doc>
<arguments>
<arg>//*[@text='You may also like']</arg>
</arguments>
<status status="PASS" starttime="20201104 16:06:37.024" endtime="20201104 16:06:41.504"></status>
</kw>
<kw name="Click Element" library="AppiumLibrary">
<doc>Click element identified by `locator`.</doc>
<arguments>
<arg>//*[@resource-id="com.aranoah.healthkart.plus:id/cart_action"]</arg>
</arguments>
<msg timestamp="20201104 16:06:41.505" level="INFO">Clicking element '//*[@resource-id="com.aranoah.healthkart.plus:id/cart_action"]'.</msg>
<status status="PASS" starttime="20201104 16:06:41.504" endtime="20201104 16:06:41.642"></status>
</kw>
<status status="PASS" starttime="20201104 16:06:37.024" endtime="20201104 16:06:41.642"></status>
</kw>
<kw name="and I Cancel the membership option">
<kw name="Wait Until Element Is Visible" library="AppiumLibrary">
<doc>Waits until element specified with `locator` is visible.</doc>
<arguments>
<arg>//*[@resource-id='com.aranoah.healthkart.plus:id/img_cross']</arg>
</arguments>
<status status="PASS" starttime="20201104 16:06:41.643" endtime="20201104 16:06:43.717"></status>
</kw>
<kw name="Click Element" library="AppiumLibrary">
<doc>Click element identified by `locator`.</doc>
<arguments>
<arg>//*[@resource-id='com.aranoah.healthkart.plus:id/img_cross']</arg>
</arguments>
<msg timestamp="20201104 16:06:43.718" level="INFO">Clicking element '//*[@resource-id='com.aranoah.healthkart.plus:id/img_cross']'.</msg>
<status status="PASS" starttime="20201104 16:06:43.717" endtime="20201104 16:06:43.788"></status>
</kw>
<status status="PASS" starttime="20201104 16:06:41.643" endtime="20201104 16:06:43.788"></status>
</kw>
<kw name="Then I should get savlon antiseptic liquid in cart">
<kw name="Wait Until Element Is Visible" library="AppiumLibrary">
<doc>Waits until element specified with `locator` is visible.</doc>
<arguments>
<arg>xpath=//*[@resource-id='com.aranoah.healthkart.plus:id/name']</arg>
</arguments>
<status status="PASS" starttime="20201104 16:06:43.789" endtime="20201104 16:06:44.316"></status>
</kw>
<kw name="Get Text" library="AppiumLibrary">
<doc>Get element text (for hybrid and mobile browser use `xpath` locator, others might cause problem)</doc>
<arguments>
<arg>xpath=//*[@resource-id='com.aranoah.healthkart.plus:id/name']</arg>
</arguments>
<assign>
<var>${g}</var>
</assign>
<msg timestamp="20201104 16:06:44.402" level="INFO">Element 'xpath=//*[@resource-id='com.aranoah.healthkart.plus:id/name']' text is 'Savlon Antiseptic Liquid' </msg>
<msg timestamp="20201104 16:06:44.402" level="INFO">${g} = Savlon Antiseptic Liquid</msg>
<status status="PASS" starttime="20201104 16:06:44.316" endtime="20201104 16:06:44.402"></status>
</kw>
<kw name="Log To Console" library="BuiltIn">
<doc>Logs the given message to the console.</doc>
<arguments>
<arg>${g}</arg>
</arguments>
<status status="PASS" starttime="20201104 16:06:44.402" endtime="20201104 16:06:44.402"></status>
</kw>
<kw name="Element Text Should Be" library="AppiumLibrary">
<doc>Verifies element identified by ``locator`` exactly contains text ``expected``.</doc>
<arguments>
<arg>xpath=//*[@resource-id='com.aranoah.healthkart.plus:id/name']</arg>
<arg>Savlon Antiseptic Liquid</arg>
</arguments>
<msg timestamp="20201104 16:06:44.403" level="INFO">Verifying element 'xpath=//*[@resource-id='com.aranoah.healthkart.plus:id/name']' contains exactly text 'Savlon Antiseptic Liquid'.</msg>
<status status="PASS" starttime="20201104 16:06:44.403" endtime="20201104 16:06:44.481"></status>
</kw>
<status status="PASS" starttime="20201104 16:06:43.789" endtime="20201104 16:06:44.481"></status>
</kw>
<status status="PASS" starttime="20201104 16:05:57.941" endtime="20201104 16:06:44.482" critical="yes"></status>
</test>
<status status="PASS" starttime="20201104 16:05:57.774" endtime="20201104 16:06:44.482"></status>
</suite>
<status status="PASS" starttime="20201104 16:05:57.772" endtime="20201104 16:06:44.484"></status>
</suite>
<status status="PASS" starttime="20201104 16:05:57.753" endtime="20201104 16:06:44.485"></status>
</suite>
<statistics>
<total>
<stat pass="1" fail="0">Critical Tests</stat>
<stat pass="1" fail="0">All Tests</stat>
</total>
<tag>
</tag>
<suite>
<stat pass="1" fail="0" id="s1" name="1MGAutomation">1MGAutomation</stat>
<stat pass="1" fail="0" id="s1-s1" name="Gherkins">1MGAutomation.Gherkins</stat>
<stat pass="1" fail="0" id="s1-s1-s1" name="Gherkins">1MGAutomation.Gherkins.Gherkins</stat>
</suite>
</statistics>
<errors>
</errors>
</robot>
